<?xml version="1.0" encoding="UTF-8"?>
<testng-results ignored="0" total="2" passed="1" failed="0" skipped="1">
  <reporter-output>
    <line>
      <![CDATA[Readingurlfrom property file]]>
    </line>
    <line>
      <![CDATA[Launching Browser...]]>
    </line>
    <line>
      <![CDATA[Waiting for1000ms...]]>
    </line>
    <line>
      <![CDATA[ReadingmobNofrom property file]]>
    </line>
    <line>
      <![CDATA[Waiting for3000ms...]]>
    </line>
    <line>
      <![CDATA[Sending mob no....]]>
    </line>
    <line>
      <![CDATA[Waiting for3000ms...]]>
    </line>
    <line>
      <![CDATA[clicking on submit button.......]]>
    </line>
    <line>
      <![CDATA[Readingpasswordfrom property file]]>
    </line>
    <line>
      <![CDATA[Waiting for1000ms...]]>
    </line>
    <line>
      <![CDATA[Sending passcode...]]>
    </line>
    <line>
      <![CDATA[clicking on submit button....]]>
    </line>
    <line>
      <![CDATA[no PopUp found....]]>
    </line>
    <line>
      <![CDATA[Waiting for2000ms...]]>
    </line>
    <line>
      <![CDATA[Actual UserName is.Hi Kavita S.]]>
    </line>
    <line>
      <![CDATA[Real UserName is.Kavita S.]]>
    </line>
    <line>
      <![CDATA[ReadinguserNamefrom property file]]>
    </line>
    <line>
      <![CDATA[Waiting for2000ms...]]>
    </line>
    <line>
      <![CDATA[Actual UserName is.Hi Kavita S.]]>
    </line>
    <line>
      <![CDATA[Real UserName is.Kavita S.]]>
    </line>
    <line>
      <![CDATA[Waiting for500ms...]]>
    </line>
    <line>
      <![CDATA[Taking screenshot...]]>
    </line>
  </reporter-output>
  <suite started-at="2022-12-13T12:32:53 GMT-08:00" name="Default suite" finished-at="2022-12-13T12:35:08 GMT-08:00" duration-ms="135388">
    <groups>
    </groups>
    <test started-at="2022-12-13T12:32:53 GMT-08:00" name="Default test" finished-at="2022-12-13T12:35:08 GMT-08:00" duration-ms="135388">
      <class name="NeoStox_TestClasses.multipleTCs">
        <test-method is-config="true" signature="LaunchingBrowser()[pri:0, instance:NeoStox_TestClasses.multipleTCs@4dbb42b7]" started-at="2022-12-13T12:32:53 GMT-08:00" name="LaunchingBrowser" finished-at="2022-12-13T12:34:10 GMT-08:00" duration-ms="77150" status="PASS">
          <reporter-output>
            <line>
              <![CDATA[Readingurlfrom property file]]>
            </line>
            <line>
              <![CDATA[Launching Browser...]]>
            </line>
          </reporter-output>
        </test-method> <!-- LaunchingBrowser -->
        <test-method is-config="true" signature="loginPage()[pri:0, instance:NeoStox_TestClasses.multipleTCs@4dbb42b7]" started-at="2022-12-13T12:34:10 GMT-08:00" name="loginPage" finished-at="2022-12-13T12:35:06 GMT-08:00" duration-ms="55715" status="PASS">
          <reporter-output>
            <line>
              <![CDATA[Waiting for1000ms...]]>
            </line>
            <line>
              <![CDATA[ReadingmobNofrom property file]]>
            </line>
            <line>
              <![CDATA[Waiting for3000ms...]]>
            </line>
            <line>
              <![CDATA[Sending mob no....]]>
            </line>
            <line>
              <![CDATA[Waiting for3000ms...]]>
            </line>
            <line>
              <![CDATA[clicking on submit button.......]]>
            </line>
            <line>
              <![CDATA[Readingpasswordfrom property file]]>
            </line>
            <line>
              <![CDATA[Waiting for1000ms...]]>
            </line>
            <line>
              <![CDATA[Sending passcode...]]>
            </line>
            <line>
              <![CDATA[clicking on submit button....]]>
            </line>
            <line>
              <![CDATA[no PopUp found....]]>
            </line>
          </reporter-output>
        </test-method> <!-- loginPage -->
        <test-method signature="validationUserId()[pri:-1, instance:NeoStox_TestClasses.multipleTCs@4dbb42b7]" started-at="2022-12-13T12:35:06 GMT-08:00" name="validationUserId" finished-at="2022-12-13T12:35:07 GMT-08:00" duration-ms="645" status="PASS">
          <reporter-output>
            <line>
              <![CDATA[Waiting for2000ms...]]>
            </line>
            <line>
              <![CDATA[Actual UserName is.Hi Kavita S.]]>
            </line>
            <line>
              <![CDATA[Real UserName is.Kavita S.]]>
            </line>
            <line>
              <![CDATA[ReadinguserNamefrom property file]]>
            </line>
            <line>
              <![CDATA[Waiting for2000ms...]]>
            </line>
            <line>
              <![CDATA[Actual UserName is.Hi Kavita S.]]>
            </line>
            <line>
              <![CDATA[Real UserName is.Kavita S.]]>
            </line>
            <line>
              <![CDATA[Waiting for500ms...]]>
            </line>
            <line>
              <![CDATA[Taking screenshot...]]>
            </line>
          </reporter-output>
        </test-method> <!-- validationUserId -->
        <test-method is-config="true" signature="logout()[pri:0, instance:NeoStox_TestClasses.multipleTCs@4dbb42b7]" started-at="2022-12-13T12:35:07 GMT-08:00" name="logout" finished-at="2022-12-13T12:35:08 GMT-08:00" duration-ms="1416" status="FAIL">
          <exception class="org.openqa.selenium.ElementClickInterceptedException">
            <message>
              <![CDATA[element click intercepted: Element <span id="lbl_curbalancetop" style="font-weight:bold;">...</span> is not clickable at point (1279, 32). Other element would receive the click: <div class="modal show" id="modal_buyplans" role="dialog" data-backdrop="static" data-keyboard="false" aria-modal="true" style="display: block;">...</div>
  (Session info: chrome=108.0.5359.99)
Build info: version: '4.6.0', revision: '79f1c02ae20'
System info: os.name: 'Windows 10', os.arch: 'amd64', os.version: '10.0', java.version: '11.0.8'
Driver info: org.openqa.selenium.chrome.ChromeDriver
Command: [33cb87dd01c0729c5a5198e6e3688a96, clickElement {id=a1d900a6-6bae-4454-9df4-c9e3d143eced}]
Capabilities {acceptInsecureCerts: false, browserName: chrome, browserVersion: 108.0.5359.99, chrome: {chromedriverVersion: 107.0.5304.62 (1eec40d3a576..., userDataDir: C:\Users\Admin\AppData\Loca...}, goog:chromeOptions: {debuggerAddress: localhost:52544}, networkConnectionEnabled: false, pageLoadStrategy: normal, platformName: WINDOWS, proxy: Proxy(), se:cdp: ws://localhost:52544/devtoo..., se:cdpVersion: 108.0.5359.99, setWindowRect: true, strictFileInteractability: false, timeouts: {implicit: 0, pageLoad: 300000, script: 30000}, unhandledPromptBehavior: dismiss and notify, webauthn:extension:credBlob: true, webauthn:extension:largeBlob: true, webauthn:virtualAuthenticators: true}
Element: [[ChromeDriver: chrome on WINDOWS (33cb87dd01c0729c5a5198e6e3688a96)] -> xpath: //span[text()='Rs.5,00,000.00']]
Session ID: 33cb87dd01c0729c5a5198e6e3688a96]]>
            </message>
            <full-stacktrace>
              <![CDATA[org.openqa.selenium.ElementClickInterceptedException: element click intercepted: Element <span id="lbl_curbalancetop" style="font-weight:bold;">...</span> is not clickable at point (1279, 32). Other element would receive the click: <div class="modal show" id="modal_buyplans" role="dialog" data-backdrop="static" data-keyboard="false" aria-modal="true" style="display: block;">...</div>
  (Session info: chrome=108.0.5359.99)
Build info: version: '4.6.0', revision: '79f1c02ae20'
System info: os.name: 'Windows 10', os.arch: 'amd64', os.version: '10.0', java.version: '11.0.8'
Driver info: org.openqa.selenium.chrome.ChromeDriver
Command: [33cb87dd01c0729c5a5198e6e3688a96, clickElement {id=a1d900a6-6bae-4454-9df4-c9e3d143eced}]
Capabilities {acceptInsecureCerts: false, browserName: chrome, browserVersion: 108.0.5359.99, chrome: {chromedriverVersion: 107.0.5304.62 (1eec40d3a576..., userDataDir: C:\Users\Admin\AppData\Loca...}, goog:chromeOptions: {debuggerAddress: localhost:52544}, networkConnectionEnabled: false, pageLoadStrategy: normal, platformName: WINDOWS, proxy: Proxy(), se:cdp: ws://localhost:52544/devtoo..., se:cdpVersion: 108.0.5359.99, setWindowRect: true, strictFileInteractability: false, timeouts: {implicit: 0, pageLoad: 300000, script: 30000}, unhandledPromptBehavior: dismiss and notify, webauthn:extension:credBlob: true, webauthn:extension:largeBlob: true, webauthn:virtualAuthenticators: true}
Element: [[ChromeDriver: chrome on WINDOWS (33cb87dd01c0729c5a5198e6e3688a96)] -> xpath: //span[text()='Rs.5,00,000.00']]
Session ID: 33cb87dd01c0729c5a5198e6e3688a96
at java.base/jdk.internal.reflect.NativeConstructorAccessorImpl.newInstance0(Native Method)
at java.base/jdk.internal.reflect.NativeConstructorAccessorImpl.newInstance(NativeConstructorAccessorImpl.java:62)
at java.base/jdk.internal.reflect.DelegatingConstructorAccessorImpl.newInstance(DelegatingConstructorAccessorImpl.java:45)
at java.base/java.lang.reflect.Constructor.newInstance(Constructor.java:490)
at org.openqa.selenium.remote.codec.w3c.W3CHttpResponseCodec.createException(W3CHttpResponseCodec.java:200)
at org.openqa.selenium.remote.codec.w3c.W3CHttpResponseCodec.decode(W3CHttpResponseCodec.java:133)
at org.openqa.selenium.remote.codec.w3c.W3CHttpResponseCodec.decode(W3CHttpResponseCodec.java:53)
at org.openqa.selenium.remote.HttpCommandExecutor.execute(HttpCommandExecutor.java:184)
at org.openqa.selenium.remote.service.DriverCommandExecutor.invokeExecute(DriverCommandExecutor.java:167)
at org.openqa.selenium.remote.service.DriverCommandExecutor.execute(DriverCommandExecutor.java:142)
at org.openqa.selenium.remote.RemoteWebDriver.execute(RemoteWebDriver.java:541)
at org.openqa.selenium.remote.RemoteWebElement.execute(RemoteWebElement.java:257)
at org.openqa.selenium.remote.RemoteWebElement.click(RemoteWebElement.java:78)
at java.base/jdk.internal.reflect.NativeMethodAccessorImpl.invoke0(Native Method)
at java.base/jdk.internal.reflect.NativeMethodAccessorImpl.invoke(NativeMethodAccessorImpl.java:62)
at java.base/jdk.internal.reflect.DelegatingMethodAccessorImpl.invoke(DelegatingMethodAccessorImpl.java:43)
at java.base/java.lang.reflect.Method.invoke(Method.java:566)
at org.openqa.selenium.support.pagefactory.internal.LocatingElementHandler.invoke(LocatingElementHandler.java:52)
at com.sun.proxy.$Proxy18.click(Unknown Source)
at NeoStox_POM.HomePage.ClickOnLogOutButton(HomePage.java:65)
at NeoStox_TestClasses.multipleTCs.logout(multipleTCs.java:65)
at java.base/jdk.internal.reflect.NativeMethodAccessorImpl.invoke0(Native Method)
at java.base/jdk.internal.reflect.NativeMethodAccessorImpl.invoke(NativeMethodAccessorImpl.java:62)
at java.base/jdk.internal.reflect.DelegatingMethodAccessorImpl.invoke(DelegatingMethodAccessorImpl.java:43)
at java.base/java.lang.reflect.Method.invoke(Method.java:566)
at org.testng.internal.MethodInvocationHelper.invokeMethod(MethodInvocationHelper.java:133)
at org.testng.internal.MethodInvocationHelper.invokeMethodConsideringTimeout(MethodInvocationHelper.java:62)
at org.testng.internal.ConfigInvoker.invokeConfigurationMethod(ConfigInvoker.java:385)
at org.testng.internal.ConfigInvoker.invokeConfigurations(ConfigInvoker.java:321)
at org.testng.internal.TestInvoker.runConfigMethods(TestInvoker.java:700)
at org.testng.internal.TestInvoker.runAfterGroupsConfigurations(TestInvoker.java:676)
at org.testng.internal.TestInvoker.invokeMethod(TestInvoker.java:660)
at org.testng.internal.TestInvoker.invokeTestMethod(TestInvoker.java:173)
at org.testng.internal.MethodRunner.runInSequence(MethodRunner.java:46)
at org.testng.internal.TestInvoker$MethodInvocationAgent.invoke(TestInvoker.java:824)
at org.testng.internal.TestInvoker.invokeTestMethods(TestInvoker.java:146)
at org.testng.internal.TestMethodWorker.invokeTestMethods(TestMethodWorker.java:146)
at org.testng.internal.TestMethodWorker.run(TestMethodWorker.java:128)
at java.base/java.util.ArrayList.forEach(ArrayList.java:1541)
at org.testng.TestRunner.privateRun(TestRunner.java:794)
at org.testng.TestRunner.run(TestRunner.java:596)
at org.testng.SuiteRunner.runTest(SuiteRunner.java:377)
at org.testng.SuiteRunner.runSequentially(SuiteRunner.java:371)
at org.testng.SuiteRunner.privateRun(SuiteRunner.java:332)
at org.testng.SuiteRunner.run(SuiteRunner.java:276)
at org.testng.SuiteRunnerWorker.runSuite(SuiteRunnerWorker.java:53)
at org.testng.SuiteRunnerWorker.run(SuiteRunnerWorker.java:96)
at org.testng.TestNG.runSuitesSequentially(TestNG.java:1212)
at org.testng.TestNG.runSuitesLocally(TestNG.java:1134)
at org.testng.TestNG.runSuites(TestNG.java:1063)
at org.testng.TestNG.run(TestNG.java:1031)
at org.testng.remote.AbstractRemoteTestNG.run(AbstractRemoteTestNG.java:115)
at org.testng.remote.RemoteTestNG.initAndRun(RemoteTestNG.java:251)
at org.testng.remote.RemoteTestNG.main(RemoteTestNG.java:77)
]]>
            </full-stacktrace>
          </exception> <!-- org.openqa.selenium.ElementClickInterceptedException -->
          <reporter-output>
          </reporter-output>
        </test-method> <!-- logout -->
        <test-method is-config="true" signature="loginPage()[pri:0, instance:NeoStox_TestClasses.multipleTCs@4dbb42b7]" started-at="2022-12-13T12:35:08 GMT-08:00" name="loginPage" finished-at="1969-12-31T16:00:00 GMT-08:00" duration-ms="-1670963708750" status="SKIP">
          <reporter-output>
          </reporter-output>
        </test-method> <!-- loginPage -->
        <test-method signature="validation()[pri:0, instance:NeoStox_TestClasses.multipleTCs@4dbb42b7]" started-at="2022-12-13T12:35:08 GMT-08:00" name="validation" finished-at="2022-12-13T12:35:08 GMT-08:00" duration-ms="0" status="SKIP">
          <exception class="org.openqa.selenium.ElementClickInterceptedException">
            <message>
              <![CDATA[element click intercepted: Element <span id="lbl_curbalancetop" style="font-weight:bold;">...</span> is not clickable at point (1279, 32). Other element would receive the click: <div class="modal show" id="modal_buyplans" role="dialog" data-backdrop="static" data-keyboard="false" aria-modal="true" style="display: block;">...</div>
  (Session info: chrome=108.0.5359.99)
Build info: version: '4.6.0', revision: '79f1c02ae20'
System info: os.name: 'Windows 10', os.arch: 'amd64', os.version: '10.0', java.version: '11.0.8'
Driver info: org.openqa.selenium.chrome.ChromeDriver
Command: [33cb87dd01c0729c5a5198e6e3688a96, clickElement {id=a1d900a6-6bae-4454-9df4-c9e3d143eced}]
Capabilities {acceptInsecureCerts: false, browserName: chrome, browserVersion: 108.0.5359.99, chrome: {chromedriverVersion: 107.0.5304.62 (1eec40d3a576..., userDataDir: C:\Users\Admin\AppData\Loca...}, goog:chromeOptions: {debuggerAddress: localhost:52544}, networkConnectionEnabled: false, pageLoadStrategy: normal, platformName: WINDOWS, proxy: Proxy(), se:cdp: ws://localhost:52544/devtoo..., se:cdpVersion: 108.0.5359.99, setWindowRect: true, strictFileInteractability: false, timeouts: {implicit: 0, pageLoad: 300000, script: 30000}, unhandledPromptBehavior: dismiss and notify, webauthn:extension:credBlob: true, webauthn:extension:largeBlob: true, webauthn:virtualAuthenticators: true}
Element: [[ChromeDriver: chrome on WINDOWS (33cb87dd01c0729c5a5198e6e3688a96)] -> xpath: //span[text()='Rs.5,00,000.00']]
Session ID: 33cb87dd01c0729c5a5198e6e3688a96]]>
            </message>
            <full-stacktrace>
              <![CDATA[org.openqa.selenium.ElementClickInterceptedException: element click intercepted: Element <span id="lbl_curbalancetop" style="font-weight:bold;">...</span> is not clickable at point (1279, 32). Other element would receive the click: <div class="modal show" id="modal_buyplans" role="dialog" data-backdrop="static" data-keyboard="false" aria-modal="true" style="display: block;">...</div>
  (Session info: chrome=108.0.5359.99)
Build info: version: '4.6.0', revision: '79f1c02ae20'
System info: os.name: 'Windows 10', os.arch: 'amd64', os.version: '10.0', java.version: '11.0.8'
Driver info: org.openqa.selenium.chrome.ChromeDriver
Command: [33cb87dd01c0729c5a5198e6e3688a96, clickElement {id=a1d900a6-6bae-4454-9df4-c9e3d143eced}]
Capabilities {acceptInsecureCerts: false, browserName: chrome, browserVersion: 108.0.5359.99, chrome: {chromedriverVersion: 107.0.5304.62 (1eec40d3a576..., userDataDir: C:\Users\Admin\AppData\Loca...}, goog:chromeOptions: {debuggerAddress: localhost:52544}, networkConnectionEnabled: false, pageLoadStrategy: normal, platformName: WINDOWS, proxy: Proxy(), se:cdp: ws://localhost:52544/devtoo..., se:cdpVersion: 108.0.5359.99, setWindowRect: true, strictFileInteractability: false, timeouts: {implicit: 0, pageLoad: 300000, script: 30000}, unhandledPromptBehavior: dismiss and notify, webauthn:extension:credBlob: true, webauthn:extension:largeBlob: true, webauthn:virtualAuthenticators: true}
Element: [[ChromeDriver: chrome on WINDOWS (33cb87dd01c0729c5a5198e6e3688a96)] -> xpath: //span[text()='Rs.5,00,000.00']]
Session ID: 33cb87dd01c0729c5a5198e6e3688a96
at java.base/jdk.internal.reflect.NativeConstructorAccessorImpl.newInstance0(Native Method)
at java.base/jdk.internal.reflect.NativeConstructorAccessorImpl.newInstance(NativeConstructorAccessorImpl.java:62)
at java.base/jdk.internal.reflect.DelegatingConstructorAccessorImpl.newInstance(DelegatingConstructorAccessorImpl.java:45)
at java.base/java.lang.reflect.Constructor.newInstance(Constructor.java:490)
at org.openqa.selenium.remote.codec.w3c.W3CHttpResponseCodec.createException(W3CHttpResponseCodec.java:200)
at org.openqa.selenium.remote.codec.w3c.W3CHttpResponseCodec.decode(W3CHttpResponseCodec.java:133)
at org.openqa.selenium.remote.codec.w3c.W3CHttpResponseCodec.decode(W3CHttpResponseCodec.java:53)
at org.openqa.selenium.remote.HttpCommandExecutor.execute(HttpCommandExecutor.java:184)
at org.openqa.selenium.remote.service.DriverCommandExecutor.invokeExecute(DriverCommandExecutor.java:167)
at org.openqa.selenium.remote.service.DriverCommandExecutor.execute(DriverCommandExecutor.java:142)
at org.openqa.selenium.remote.RemoteWebDriver.execute(RemoteWebDriver.java:541)
at org.openqa.selenium.remote.RemoteWebElement.execute(RemoteWebElement.java:257)
at org.openqa.selenium.remote.RemoteWebElement.click(RemoteWebElement.java:78)
at java.base/jdk.internal.reflect.NativeMethodAccessorImpl.invoke0(Native Method)
at java.base/jdk.internal.reflect.NativeMethodAccessorImpl.invoke(NativeMethodAccessorImpl.java:62)
at java.base/jdk.internal.reflect.DelegatingMethodAccessorImpl.invoke(DelegatingMethodAccessorImpl.java:43)
at java.base/java.lang.reflect.Method.invoke(Method.java:566)
at org.openqa.selenium.support.pagefactory.internal.LocatingElementHandler.invoke(LocatingElementHandler.java:52)
at com.sun.proxy.$Proxy18.click(Unknown Source)
at NeoStox_POM.HomePage.ClickOnLogOutButton(HomePage.java:65)
at NeoStox_TestClasses.multipleTCs.logout(multipleTCs.java:65)
at java.base/jdk.internal.reflect.NativeMethodAccessorImpl.invoke0(Native Method)
at java.base/jdk.internal.reflect.NativeMethodAccessorImpl.invoke(NativeMethodAccessorImpl.java:62)
at java.base/jdk.internal.reflect.DelegatingMethodAccessorImpl.invoke(DelegatingMethodAccessorImpl.java:43)
at java.base/java.lang.reflect.Method.invoke(Method.java:566)
at org.testng.internal.MethodInvocationHelper.invokeMethod(MethodInvocationHelper.java:133)
at org.testng.internal.MethodInvocationHelper.invokeMethodConsideringTimeout(MethodInvocationHelper.java:62)
at org.testng.internal.ConfigInvoker.invokeConfigurationMethod(ConfigInvoker.java:385)
at org.testng.internal.ConfigInvoker.invokeConfigurations(ConfigInvoker.java:321)
at org.testng.internal.TestInvoker.runConfigMethods(TestInvoker.java:700)
at org.testng.internal.TestInvoker.runAfterGroupsConfigurations(TestInvoker.java:676)
at org.testng.internal.TestInvoker.invokeMethod(TestInvoker.java:660)
at org.testng.internal.TestInvoker.invokeTestMethod(TestInvoker.java:173)
at org.testng.internal.MethodRunner.runInSequence(MethodRunner.java:46)
at org.testng.internal.TestInvoker$MethodInvocationAgent.invoke(TestInvoker.java:824)
at org.testng.internal.TestInvoker.invokeTestMethods(TestInvoker.java:146)
at org.testng.internal.TestMethodWorker.invokeTestMethods(TestMethodWorker.java:146)
at org.testng.internal.TestMethodWorker.run(TestMethodWorker.java:128)
at java.base/java.util.ArrayList.forEach(ArrayList.java:1541)
at org.testng.TestRunner.privateRun(TestRunner.java:794)
at org.testng.TestRunner.run(TestRunner.java:596)
at org.testng.SuiteRunner.runTest(SuiteRunner.java:377)
at org.testng.SuiteRunner.runSequentially(SuiteRunner.java:371)
at org.testng.SuiteRunner.privateRun(SuiteRunner.java:332)
at org.testng.SuiteRunner.run(SuiteRunner.java:276)
at org.testng.SuiteRunnerWorker.runSuite(SuiteRunnerWorker.java:53)
at org.testng.SuiteRunnerWorker.run(SuiteRunnerWorker.java:96)
at org.testng.TestNG.runSuitesSequentially(TestNG.java:1212)
at org.testng.TestNG.runSuitesLocally(TestNG.java:1134)
at org.testng.TestNG.runSuites(TestNG.java:1063)
at org.testng.TestNG.run(TestNG.java:1031)
at org.testng.remote.AbstractRemoteTestNG.run(AbstractRemoteTestNG.java:115)
at org.testng.remote.RemoteTestNG.initAndRun(RemoteTestNG.java:251)
at org.testng.remote.RemoteTestNG.main(RemoteTestNG.java:77)
]]>
            </full-stacktrace>
          </exception> <!-- org.openqa.selenium.ElementClickInterceptedException -->
          <reporter-output>
          </reporter-output>
        </test-method> <!-- validation -->
        <test-method is-config="true" signature="logout()[pri:0, instance:NeoStox_TestClasses.multipleTCs@4dbb42b7]" started-at="2022-12-13T12:35:08 GMT-08:00" name="logout" finished-at="1969-12-31T16:00:00 GMT-08:00" duration-ms="-1670963708820" status="SKIP">
          <reporter-output>
          </reporter-output>
        </test-method> <!-- logout -->
        <test-method is-config="true" signature="ClosingBrowser()[pri:0, instance:NeoStox_TestClasses.multipleTCs@4dbb42b7]" started-at="2022-12-13T12:35:08 GMT-08:00" name="ClosingBrowser" finished-at="1969-12-31T16:00:00 GMT-08:00" duration-ms="-1670963708823" status="SKIP">
          <reporter-output>
          </reporter-output>
        </test-method> <!-- ClosingBrowser -->
      </class> <!-- NeoStox_TestClasses.multipleTCs -->
    </test> <!-- Default test -->
  </suite> <!-- Default suite -->
</testng-results>
